<?xml version="1.0" encoding="UTF-8"?>
<robot generator="Robot 3.2.2 (Python 3.8.3 on win32)" generated="20210119 12:29:08.466" rpa="false">
<suite id="s1" name="Challenge1" source="C:\Users\WICTOR\PycharmProjects\RPA\robot-framework\robot2\tests\challenge1.robot">
<test id="s1-t1" name="Caso de teste 6: adicionar cliente">
<kw name="Abrir navegador" library="Resource" type="setup">
<kw name="Open Browser" library="SeleniumLibrary">
<doc>Opens a new browser instance to the optional ``url``.</doc>
<arguments>
<arg>about:blank</arg>
<arg>${BROWSER}</arg>
</arguments>
<msg timestamp="20210119 12:29:08.871" level="INFO">Opening browser 'firefox' to base url 'about:blank'.</msg>
<msg timestamp="20210119 12:29:08.882" level="INFO">Firefox driver log is always forced to to: C:\Users\WICTOR\PycharmProjects\RPA\robot-framework\robot2\results\geckodriver-90.log</msg>
<status status="PASS" starttime="20210119 12:29:08.870" endtime="20210119 12:29:19.858"></status>
</kw>
<status status="PASS" starttime="20210119 12:29:08.869" endtime="20210119 12:29:19.859"></status>
</kw>
<kw name="Change variable if" library="Resource">
<kw name="Set Variable If" library="BuiltIn">
<doc>Sets variable based on the given condition.</doc>
<arguments>
<arg>'${FIELDS.lastname}' == 'Gomes'</arg>
<arg>Silva</arg>
</arguments>
<assign>
<var>${VAR}</var>
</assign>
<msg timestamp="20210119 12:29:19.862" level="INFO">${VAR} = Silva</msg>
<status status="PASS" starttime="20210119 12:29:19.861" endtime="20210119 12:29:19.862"></status>
</kw>
<kw name="Set Variable" library="BuiltIn">
<doc>Returns the given values which can then be assigned to a variables.</doc>
<arguments>
<arg>${VAR}</arg>
</arguments>
<assign>
<var>${FIELDS.lastname}</var>
</assign>
<msg timestamp="20210119 12:29:19.864" level="INFO">${FIELDS.lastname} = Silva</msg>
<status status="PASS" starttime="20210119 12:29:19.863" endtime="20210119 12:29:19.864"></status>
</kw>
<kw name="Log" library="BuiltIn">
<doc>Logs the given message with the given level.</doc>
<arguments>
<arg>${FIELDS.lastname} now is ${VAR}</arg>
</arguments>
<msg timestamp="20210119 12:29:19.865" level="INFO">Silva now is Silva</msg>
<status status="PASS" starttime="20210119 12:29:19.864" endtime="20210119 12:29:19.865"></status>
</kw>
<status status="PASS" starttime="20210119 12:29:19.860" endtime="20210119 12:29:19.866"></status>
</kw>
<kw name="Acessar a página home do site" library="Resource">
<kw name="Go To" library="SeleniumLibrary">
<doc>Navigates the current browser window to the provided ``url``.</doc>
<arguments>
<arg>http://automationpractice.com/index.php</arg>
</arguments>
<msg timestamp="20210119 12:29:19.868" level="INFO">Opening url 'http://automationpractice.com/index.php'</msg>
<status status="PASS" starttime="20210119 12:29:19.867" endtime="20210119 12:29:26.899"></status>
</kw>
<kw name="Title Should Be" library="SeleniumLibrary">
<doc>Verifies that the current page title equals ``title``.</doc>
<arguments>
<arg>My Store</arg>
</arguments>
<msg timestamp="20210119 12:29:26.907" level="INFO">Page title is 'My Store'.</msg>
<status status="PASS" starttime="20210119 12:29:26.900" endtime="20210119 12:29:26.907"></status>
</kw>
<status status="PASS" starttime="20210119 12:29:19.866" endtime="20210119 12:29:26.907"></status>
</kw>
<kw name="Clicar no botão superior direito “Sign in”" library="Resource">
<kw name="Wait Until Element Is Visible" library="SeleniumLibrary">
<doc>Waits until the element ``locator`` is visible.</doc>
<arguments>
<arg>//*[@id="header"]//a[@class="login"]</arg>
</arguments>
<status status="PASS" starttime="20210119 12:29:26.908" endtime="20210119 12:29:26.961"></status>
</kw>
<kw name="Click Link" library="SeleniumLibrary">
<doc>Clicks a link identified by ``locator``.</doc>
<arguments>
<arg>//*[@id="header"]//a[@class="login"]</arg>
</arguments>
<msg timestamp="20210119 12:29:26.962" level="INFO">Clicking link '//*[@id="header"]//a[@class="login"]'.</msg>
<status status="PASS" starttime="20210119 12:29:26.961" endtime="20210119 12:29:28.908"></status>
</kw>
<kw name="Wait Until Element Is Visible" library="SeleniumLibrary">
<doc>Waits until the element ``locator`` is visible.</doc>
<arguments>
<arg>//*[@id="center_column"]/h1</arg>
</arguments>
<status status="PASS" starttime="20210119 12:29:28.909" endtime="20210119 12:29:28.981"></status>
</kw>
<status status="PASS" starttime="20210119 12:29:26.908" endtime="20210119 12:29:28.981"></status>
</kw>
<kw name="Informar um e-mail válido" library="Resource">
<kw name="Novo email" library="Resource">
<arguments>
<arg>${FIELDS.firstname}</arg>
<arg>${FIELDS.lastname}</arg>
</arguments>
<assign>
<var>${NEW_EMAIL}</var>
</assign>
<kw name="Generate Random String" library="String">
<doc>Generates a string with a desired ``length`` from the given ``chars``.</doc>
<assign>
<var>${RANDOM_STRING}</var>
</assign>
<msg timestamp="20210119 12:29:29.000" level="INFO">${RANDOM_STRING} = r4V6ufHt</msg>
<status status="PASS" starttime="20210119 12:29:28.999" endtime="20210119 12:29:29.000"></status>
</kw>
<kw name="Set Variable" library="BuiltIn">
<doc>Returns the given values which can then be assigned to a variables.</doc>
<arguments>
<arg>${NOME}${SOBRENOME}${RANDOM_STRING}@email.com</arg>
</arguments>
<assign>
<var>${CUSTOM_EMAIL}</var>
</assign>
<msg timestamp="20210119 12:29:29.001" level="INFO">${CUSTOM_EMAIL} = WictorSilvar4V6ufHt@email.com</msg>
<status status="PASS" starttime="20210119 12:29:29.000" endtime="20210119 12:29:29.001"></status>
</kw>
<msg timestamp="20210119 12:29:29.001" level="INFO">${NEW_EMAIL} = WictorSilvar4V6ufHt@email.com</msg>
<status status="PASS" starttime="20210119 12:29:28.997" endtime="20210119 12:29:29.002"></status>
</kw>
<kw name="Input Text" library="SeleniumLibrary">
<doc>Types the given ``text`` into the text field identified by ``locator``.</doc>
<arguments>
<arg>name=email_create</arg>
<arg>${NEW_EMAIL}</arg>
</arguments>
<msg timestamp="20210119 12:29:29.003" level="INFO">Typing text 'WictorSilvar4V6ufHt@email.com' into text field 'name=email_create'.</msg>
<status status="PASS" starttime="20210119 12:29:29.002" endtime="20210119 12:29:29.139"></status>
</kw>
<status status="PASS" starttime="20210119 12:29:28.996" endtime="20210119 12:29:29.139"></status>
</kw>
<kw name="Clicar no botão &quot;Create na account&quot;" library="Resource">
<kw name="Click Button" library="SeleniumLibrary">
<doc>Clicks the button identified by ``locator``.</doc>
<arguments>
<arg>//*[@id="SubmitCreate"]</arg>
</arguments>
<msg timestamp="20210119 12:29:29.145" level="INFO">Clicking button '//*[@id="SubmitCreate"]'.</msg>
<status status="PASS" starttime="20210119 12:29:29.144" endtime="20210119 12:29:29.546"></status>
</kw>
<kw name="Wait Until Element Is Visible" library="SeleniumLibrary">
<doc>Waits until the element ``locator`` is visible.</doc>
<arguments>
<arg>//*[@id="id_gender1"]</arg>
</arguments>
<status status="PASS" starttime="20210119 12:29:29.547" endtime="20210119 12:29:30.673"></status>
</kw>
<kw name="Wait Until Element Is Visible" library="SeleniumLibrary">
<doc>Waits until the element ``locator`` is visible.</doc>
<arguments>
<arg>//*[@id="customer_firstname"]</arg>
</arguments>
<status status="PASS" starttime="20210119 12:29:30.673" endtime="20210119 12:29:30.711"></status>
</kw>
<kw name="Wait Until Element Is Visible" library="SeleniumLibrary">
<doc>Waits until the element ``locator`` is visible.</doc>
<arguments>
<arg>//*[@id="customer_lastname"]</arg>
</arguments>
<status status="PASS" starttime="20210119 12:29:30.711" endtime="20210119 12:29:30.755"></status>
</kw>
<kw name="Wait Until Element Is Visible" library="SeleniumLibrary">
<doc>Waits until the element ``locator`` is visible.</doc>
<arguments>
<arg>//*[@id="email"]</arg>
</arguments>
<status status="PASS" starttime="20210119 12:29:30.755" endtime="20210119 12:29:30.790"></status>
</kw>
<kw name="Wait Until Element Is Visible" library="SeleniumLibrary">
<doc>Waits until the element ``locator`` is visible.</doc>
<arguments>
<arg>//*[@id="passwd"]</arg>
</arguments>
<status status="PASS" starttime="20210119 12:29:30.790" endtime="20210119 12:29:30.829"></status>
</kw>
<kw name="Wait Until Element Is Visible" library="SeleniumLibrary">
<doc>Waits until the element ``locator`` is visible.</doc>
<arguments>
<arg>//*[@id="days"]</arg>
</arguments>
<status status="PASS" starttime="20210119 12:29:30.830" endtime="20210119 12:29:30.865"></status>
</kw>
<kw name="Wait Until Element Is Visible" library="SeleniumLibrary">
<doc>Waits until the element ``locator`` is visible.</doc>
<arguments>
<arg>//*[@id="firstname"]</arg>
</arguments>
<status status="PASS" starttime="20210119 12:29:30.865" endtime="20210119 12:29:30.895"></status>
</kw>
<kw name="Wait Until Element Is Visible" library="SeleniumLibrary">
<doc>Waits until the element ``locator`` is visible.</doc>
<arguments>
<arg>//*[@id="lastname"]</arg>
</arguments>
<status status="PASS" starttime="20210119 12:29:30.895" endtime="20210119 12:29:30.928"></status>
</kw>
<kw name="Wait Until Element Is Visible" library="SeleniumLibrary">
<doc>Waits until the element ``locator`` is visible.</doc>
<arguments>
<arg>//*[@id="company"]</arg>
</arguments>
<status status="PASS" starttime="20210119 12:29:30.928" endtime="20210119 12:29:30.962"></status>
</kw>
<kw name="Wait Until Element Is Visible" library="SeleniumLibrary">
<doc>Waits until the element ``locator`` is visible.</doc>
<arguments>
<arg>//*[@id="address1"]</arg>
</arguments>
<status status="PASS" starttime="20210119 12:29:30.962" endtime="20210119 12:29:30.993"></status>
</kw>
<kw name="Wait Until Element Is Visible" library="SeleniumLibrary">
<doc>Waits until the element ``locator`` is visible.</doc>
<arguments>
<arg>//*[@id="address2"]</arg>
</arguments>
<status status="PASS" starttime="20210119 12:29:30.994" endtime="20210119 12:29:31.080"></status>
</kw>
<kw name="Wait Until Element Is Visible" library="SeleniumLibrary">
<doc>Waits until the element ``locator`` is visible.</doc>
<arguments>
<arg>//*[@id="city"]</arg>
</arguments>
<status status="PASS" starttime="20210119 12:29:31.080" endtime="20210119 12:29:31.123"></status>
</kw>
<kw name="Wait Until Element Is Visible" library="SeleniumLibrary">
<doc>Waits until the element ``locator`` is visible.</doc>
<arguments>
<arg>name=id_country</arg>
</arguments>
<status status="PASS" starttime="20210119 12:29:31.123" endtime="20210119 12:29:31.157"></status>
</kw>
<kw name="Wait Until Element Is Visible" library="SeleniumLibrary">
<doc>Waits until the element ``locator`` is visible.</doc>
<arguments>
<arg>//*[@id="postcode"]</arg>
</arguments>
<status status="PASS" starttime="20210119 12:29:31.157" endtime="20210119 12:29:31.441"></status>
</kw>
<kw name="Wait Until Element Is Visible" library="SeleniumLibrary">
<doc>Waits until the element ``locator`` is visible.</doc>
<arguments>
<arg>id=uniform-id_state</arg>
</arguments>
<status status="PASS" starttime="20210119 12:29:31.442" endtime="20210119 12:29:31.476"></status>
</kw>
<kw name="Wait Until Element Is Visible" library="SeleniumLibrary">
<doc>Waits until the element ``locator`` is visible.</doc>
<arguments>
<arg>//*[@id="other"]</arg>
</arguments>
<status status="PASS" starttime="20210119 12:29:31.476" endtime="20210119 12:29:31.512"></status>
</kw>
<kw name="Wait Until Element Is Visible" library="SeleniumLibrary">
<doc>Waits until the element ``locator`` is visible.</doc>
<arguments>
<arg>//*[@id="phone"]</arg>
</arguments>
<status status="PASS" starttime="20210119 12:29:31.512" endtime="20210119 12:29:31.548"></status>
</kw>
<kw name="Wait Until Element Is Visible" library="SeleniumLibrary">
<doc>Waits until the element ``locator`` is visible.</doc>
<arguments>
<arg>//*[@id="phone_mobile"]</arg>
</arguments>
<status status="PASS" starttime="20210119 12:29:31.549" endtime="20210119 12:29:31.584"></status>
</kw>
<kw name="Wait Until Element Is Visible" library="SeleniumLibrary">
<doc>Waits until the element ``locator`` is visible.</doc>
<arguments>
<arg>//*[@id="alias"]</arg>
</arguments>
<status status="PASS" starttime="20210119 12:29:31.585" endtime="20210119 12:29:31.621"></status>
</kw>
<kw name="Wait Until Element Is Visible" library="SeleniumLibrary">
<doc>Waits until the element ``locator`` is visible.</doc>
<arguments>
<arg>//*[@id="submitAccount"]/span</arg>
</arguments>
<status status="PASS" starttime="20210119 12:29:31.622" endtime="20210119 12:29:31.660"></status>
</kw>
<status status="PASS" starttime="20210119 12:29:29.144" endtime="20210119 12:29:31.660"></status>
</kw>
<kw name="Preencher os campos obrigatórios" library="Resource">
<kw name="Input Text" library="SeleniumLibrary">
<doc>Types the given ``text`` into the text field identified by ``locator``.</doc>
<arguments>
<arg>//*[@id="customer_firstname"]</arg>
<arg>${FIELDS.firstname}</arg>
</arguments>
<msg timestamp="20210119 12:29:31.662" level="INFO">Typing text 'Wictor' into text field '//*[@id="customer_firstname"]'.</msg>
<status status="PASS" starttime="20210119 12:29:31.661" endtime="20210119 12:29:31.703"></status>
</kw>
<kw name="Input Text" library="SeleniumLibrary">
<doc>Types the given ``text`` into the text field identified by ``locator``.</doc>
<arguments>
<arg>//*[@id="customer_lastname"]</arg>
<arg>${FIELDS.lastname}</arg>
</arguments>
<msg timestamp="20210119 12:29:31.704" level="INFO">Typing text 'Silva' into text field '//*[@id="customer_lastname"]'.</msg>
<status status="PASS" starttime="20210119 12:29:31.703" endtime="20210119 12:29:31.751"></status>
</kw>
<kw name="Input Text" library="SeleniumLibrary">
<doc>Types the given ``text`` into the text field identified by ``locator``.</doc>
<arguments>
<arg>//*[@id="passwd"]</arg>
<arg>${FIELDS.password}</arg>
</arguments>
<msg timestamp="20210119 12:29:31.752" level="INFO">Typing text '12345678' into text field '//*[@id="passwd"]'.</msg>
<status status="PASS" starttime="20210119 12:29:31.751" endtime="20210119 12:29:31.830"></status>
</kw>
<kw name="Input Text" library="SeleniumLibrary">
<doc>Types the given ``text`` into the text field identified by ``locator``.</doc>
<arguments>
<arg>//*[@id="firstname"]</arg>
<arg>${FIELDS.firstname}</arg>
</arguments>
<msg timestamp="20210119 12:29:31.831" level="INFO">Typing text 'Wictor' into text field '//*[@id="firstname"]'.</msg>
<status status="PASS" starttime="20210119 12:29:31.830" endtime="20210119 12:29:31.887"></status>
</kw>
<kw name="Input Text" library="SeleniumLibrary">
<doc>Types the given ``text`` into the text field identified by ``locator``.</doc>
<arguments>
<arg>//*[@id="lastname"]</arg>
<arg>${FIELDS.lastname}</arg>
</arguments>
<msg timestamp="20210119 12:29:31.889" level="INFO">Typing text 'Silva' into text field '//*[@id="lastname"]'.</msg>
<status status="PASS" starttime="20210119 12:29:31.888" endtime="20210119 12:29:31.942"></status>
</kw>
<kw name="Input Text" library="SeleniumLibrary">
<doc>Types the given ``text`` into the text field identified by ``locator``.</doc>
<arguments>
<arg>//*[@id="address1"]</arg>
<arg>${FIELDS.address1}</arg>
</arguments>
<msg timestamp="20210119 12:29:31.943" level="INFO">Typing text 'Street 01, Nº 34' into text field '//*[@id="address1"]'.</msg>
<status status="PASS" starttime="20210119 12:29:31.943" endtime="20210119 12:29:32.014"></status>
</kw>
<kw name="Input Text" library="SeleniumLibrary">
<doc>Types the given ``text`` into the text field identified by ``locator``.</doc>
<arguments>
<arg>//*[@id="city"]</arg>
<arg>${FIELDS.city}</arg>
</arguments>
<msg timestamp="20210119 12:29:32.016" level="INFO">Typing text 'Paulista' into text field '//*[@id="city"]'.</msg>
<status status="PASS" starttime="20210119 12:29:32.015" endtime="20210119 12:29:32.061"></status>
</kw>
<kw name="Input Text" library="SeleniumLibrary">
<doc>Types the given ``text`` into the text field identified by ``locator``.</doc>
<arguments>
<arg>//*[@id="postcode"]</arg>
<arg>${FIELDS.postcode}</arg>
</arguments>
<msg timestamp="20210119 12:29:32.062" level="INFO">Typing text '00000' into text field '//*[@id="postcode"]'.</msg>
<status status="PASS" starttime="20210119 12:29:32.061" endtime="20210119 12:29:32.096"></status>
</kw>
<kw name="Input Text" library="SeleniumLibrary">
<doc>Types the given ``text`` into the text field identified by ``locator``.</doc>
<arguments>
<arg>//*[@id="phone_mobile"]</arg>
<arg>${FIELDS.phone_mobile}</arg>
</arguments>
<msg timestamp="20210119 12:29:32.097" level="INFO">Typing text '81 991021317' into text field '//*[@id="phone_mobile"]'.</msg>
<status status="PASS" starttime="20210119 12:29:32.096" endtime="20210119 12:29:32.142"></status>
</kw>
<kw name="Input Text" library="SeleniumLibrary">
<doc>Types the given ``text`` into the text field identified by ``locator``.</doc>
<arguments>
<arg>//*[@id="alias"]</arg>
<arg>${FIELDS.alias}</arg>
</arguments>
<msg timestamp="20210119 12:29:32.143" level="INFO">Typing text 'Next at Church Assembléia' into text field '//*[@id="alias"]'.</msg>
<status status="PASS" starttime="20210119 12:29:32.142" endtime="20210119 12:29:32.222"></status>
</kw>
<kw name="Click Element" library="SeleniumLibrary">
<doc>Click the element identified by ``locator``.</doc>
<arguments>
<arg>name=id_state</arg>
</arguments>
<msg timestamp="20210119 12:29:32.223" level="INFO">Clicking element 'name=id_state'.</msg>
<kw name="Capture Page Screenshot" library="SeleniumLibrary">
<doc>Takes a screenshot of the current page and embeds it into a log file.</doc>
<status status="FAIL" starttime="20210119 12:29:32.387" endtime="20210119 12:29:32.388"></status>
</kw>
<msg timestamp="20210119 12:29:32.388" level="WARN">Keyword 'Capture Page Screenshot' could not be run on failure: Execution terminated by signal</msg>
<status status="FAIL" starttime="20210119 12:29:32.222" endtime="20210119 12:29:32.392"></status>
</kw>
<status status="FAIL" starttime="20210119 12:29:31.660" endtime="20210119 12:29:32.392"></status>
</kw>
<kw name="Fechar navegador" library="Resource" type="teardown">
<kw name="Close Browser" library="SeleniumLibrary">
<doc>Closes the current browser.</doc>
<errors>
<msg timestamp="20210119 12:29:32.388" level="WARN">Keyword 'Capture Page Screenshot' could not be run on failure: Execution terminated by signal</msg>
<msg timestamp="20210119 12:29:34.423" level="ERROR">Execution stopped by user.</msg>
</errors>
</robot>
