<?xml version="1.0" encoding="UTF-8"?>
<robot generator="Robot 3.2.2 (Python 3.8.3 on win32)" generated="20210119 09:10:28.603" rpa="false">
<suite id="s1" name="API01" source="C:\Users\WICTOR\PycharmProjects\RPA\robot-framework\robot4\tests\API01.robot">
<kw name="Connect With API" library="resourceAPI" type="setup">
<kw name="Create Session" library="RequestsLibrary">
<doc>Create Session: create a HTTP session to a server</doc>
<arguments>
<arg>FakeAPI</arg>
<arg>${URL_API}</arg>
</arguments>
<msg timestamp="20210119 09:10:28.819" level="INFO">Creating Session using : alias=FakeAPI, url=https://fakerestapi.azurewebsites.net/api/v1, headers={},                     cookies={}, auth=None, timeout=None, proxies=None, verify=False,                     debug=0 </msg>
<status status="PASS" starttime="20210119 09:10:28.818" endtime="20210119 09:10:28.819"></status>
</kw>
<status status="PASS" starttime="20210119 09:10:28.818" endtime="20210119 09:10:28.820"></status>
</kw>
<test id="s1-t1" name="Case of test 5: TO-DO - delete a book (DELETE)">
<kw name="delete a book" library="resourceAPI">
<arguments>
<arg>2</arg>
</arguments>
<kw name="Delete On Session" library="RequestsLibrary">
<doc>Sends a DELETE request on a previously created HTTP Session.</doc>
<arguments>
<arg>fakeApi</arg>
<arg>Books/${id}</arg>
</arguments>
<assign>
<var>${Answer}</var>
</assign>
<msg timestamp="20210119 09:10:30.005" level="INFO">DELETE Request : url=https://fakerestapi.azurewebsites.net/api/v1/Books/2 
 path_url=/api/v1/Books/2 
 headers={'User-Agent': 'python-requests/2.25.1', 'Accept-Encoding': 'gzip, deflate', 'Accept': '*/*', 'Connection': 'keep-alive', 'Content-Length': '0'} 
 body=None 
 </msg>
<msg timestamp="20210119 09:10:30.005" level="INFO">DELETE Response : url=https://fakerestapi.azurewebsites.net/api/v1/Books/2 
 status=200, reason=OK 
 headers={'Server': 'Kestrel', 'api-supported-versions': '1.0', 'Date': 'Tue, 19 Jan 2021 12:10:32 GMT', 'Content-Length': '0'} 
 body=None 
 </msg>
<msg timestamp="20210119 09:10:30.005" level="INFO">c:\users\wictor\pycharmprojects\rpa\venv\lib\site-packages\urllib3\connectionpool.py:1013: InsecureRequestWarning: Unverified HTTPS request is being made to host 'fakerestapi.azurewebsites.net'. Adding certificate verification is strongly advised. See: https://urllib3.readthedocs.io/en/latest/advanced-usage.html#ssl-warnings
  warnings.warn(</msg>
<msg timestamp="20210119 09:10:30.005" level="INFO">${Answer} = &lt;Response [200]&gt;</msg>
<status status="PASS" starttime="20210119 09:10:28.821" endtime="20210119 09:10:30.005"></status>
</kw>
<kw name="Log" library="BuiltIn">
<doc>Logs the given message with the given level.</doc>
<arguments>
<arg>${Answer.text}</arg>
</arguments>
<msg timestamp="20210119 09:10:30.006" level="INFO"></msg>
<status status="PASS" starttime="20210119 09:10:30.006" endtime="20210119 09:10:30.006"></status>
</kw>
<kw name="Set Test Variable" library="BuiltIn">
<doc>Makes a variable available everywhere within the scope of the current test.</doc>
<arguments>
<arg>${Answer}</arg>
</arguments>
<msg timestamp="20210119 09:10:30.007" level="INFO">${Answer} = &lt;Response [200]&gt;</msg>
<status status="PASS" starttime="20210119 09:10:30.007" endtime="20210119 09:10:30.007"></status>
</kw>
<status status="PASS" starttime="20210119 09:10:28.821" endtime="20210119 09:10:30.008"></status>
</kw>
<kw name="check status code" library="resourceAPI">
<arguments>
<arg>200</arg>
</arguments>
<kw name="Should Be Equal As Strings" library="BuiltIn">
<doc>Fails if objects are unequal after converting them to strings.</doc>
<arguments>
<arg>${Answer.status_code}</arg>
<arg>${status_code_ideal}</arg>
</arguments>
<msg timestamp="20210119 09:10:30.010" level="INFO">Argument types are:
&lt;class 'int'&gt;
&lt;type 'unicode'&gt;</msg>
<status status="PASS" starttime="20210119 09:10:30.009" endtime="20210119 09:10:30.010"></status>
</kw>
<kw name="Log" library="BuiltIn">
<doc>Logs the given message with the given level.</doc>
<arguments>
<arg>${Answer.status_code}</arg>
</arguments>
<msg timestamp="20210119 09:10:30.010" level="INFO">200</msg>
<status status="PASS" starttime="20210119 09:10:30.010" endtime="20210119 09:10:30.011"></status>
</kw>
<status status="PASS" starttime="20210119 09:10:30.008" endtime="20210119 09:10:30.011"></status>
</kw>
<kw name="check reason" library="resourceAPI">
<arguments>
<arg>OK</arg>
</arguments>
<kw name="Should Be Equal As Strings" library="BuiltIn">
<doc>Fails if objects are unequal after converting them to strings.</doc>
<arguments>
<arg>${Answer.reason}</arg>
<arg>${reason_ideal}</arg>
</arguments>
<status status="PASS" starttime="20210119 09:10:30.012" endtime="20210119 09:10:30.013"></status>
</kw>
<kw name="Log" library="BuiltIn">
<doc>Logs the given message with the given level.</doc>
<arguments>
<arg>${Answer.reason}</arg>
</arguments>
<msg timestamp="20210119 09:10:30.014" level="INFO">OK</msg>
<status status="PASS" starttime="20210119 09:10:30.013" endtime="20210119 09:10:30.014"></status>
</kw>
<status status="PASS" starttime="20210119 09:10:30.011" endtime="20210119 09:10:30.014"></status>
</kw>
<kw name="check delete book" library="resourceAPI">
<kw name="Log" library="BuiltIn">
<doc>Logs the given message with the given level.</doc>
<arguments>
<arg>${Answer}</arg>
</arguments>
<msg timestamp="20210119 09:10:30.016" level="INFO">&lt;Response [200]&gt;</msg>
<status status="PASS" starttime="20210119 09:10:30.015" endtime="20210119 09:10:30.016"></status>
</kw>
<kw name="Log" library="BuiltIn">
<doc>Logs the given message with the given level.</doc>
<arguments>
<arg>${Answer.text}</arg>
</arguments>
<msg timestamp="20210119 09:10:30.017" level="INFO"></msg>
<status status="PASS" starttime="20210119 09:10:30.016" endtime="20210119 09:10:30.017"></status>
</kw>
<kw name="Log" library="BuiltIn">
<doc>Logs the given message with the given level.</doc>
<arguments>
<arg>${DELETE_BOOK}</arg>
</arguments>
<msg timestamp="20210119 09:10:30.017" level="INFO"></msg>
<status status="PASS" starttime="20210119 09:10:30.017" endtime="20210119 09:10:30.018"></status>
</kw>
<kw name="Should Be Equal As Strings" library="BuiltIn">
<doc>Fails if objects are unequal after converting them to strings.</doc>
<arguments>
<arg>${Answer.text}</arg>
<arg>${DELETE_BOOK}</arg>
</arguments>
<status status="PASS" starttime="20210119 09:10:30.018" endtime="20210119 09:10:30.019"></status>
</kw>
<status status="PASS" starttime="20210119 09:10:30.015" endtime="20210119 09:10:30.019"></status>
</kw>
<tags>
<tag>DELETE</tag>
</tags>
<status status="PASS" starttime="20210119 09:10:28.820" endtime="20210119 09:10:30.019" critical="yes"></status>
</test>
<doc>https://fakerestapi.azurewebsites.net/index.html
Endpoints = Books</doc>
<status status="PASS" starttime="20210119 09:10:28.607" endtime="20210119 09:10:30.022"></status>
</suite>
<statistics>
<total>
<stat pass="1" fail="0">Critical Tests</stat>
<stat pass="1" fail="0">All Tests</stat>
</total>
<tag>
<stat pass="1" fail="0">DELETE</stat>
</tag>
<suite>
<stat pass="1" fail="0" id="s1" name="API01">API01</stat>
</suite>
</statistics>
<errors>
</errors>
</robot>
