<?xml version="1.0" encoding="UTF-8"?>
<robot generator="Robot 3.2.2 (Python 3.8.3 on win32)" generated="20210119 07:51:46.663" rpa="false">
<suite id="s1" name="API01" source="C:\Users\WICTOR\PycharmProjects\RPA\robot-framework\robot4\tests\API01.robot">
<kw name="Connect With API" library="resourceAPI" type="setup">
<kw name="Create Session" library="RequestsLibrary">
<doc>Create Session: create a HTTP session to a server</doc>
<arguments>
<arg>FakeAPI</arg>
<arg>${URL_API}</arg>
</arguments>
<msg timestamp="20210119 07:51:46.868" level="INFO">Creating Session using : alias=FakeAPI, url=https://fakerestapi.azurewebsites.net/api/v1, headers={},                     cookies={}, auth=None, timeout=None, proxies=None, verify=False,                     debug=0 </msg>
<status status="PASS" starttime="20210119 07:51:46.868" endtime="20210119 07:51:46.869"></status>
</kw>
<status status="PASS" starttime="20210119 07:51:46.867" endtime="20210119 07:51:46.869"></status>
</kw>
<test id="s1-t1" name="Case of test 3: cadaster a new book (POST)">
<kw name="cadaster a new book" library="resourceAPI">
<kw name="Create Dictionary" library="BuiltIn">
<doc>Creates and returns a dictionary based on the given ``items``.</doc>
<arguments>
<arg>content-type=application/json</arg>
</arguments>
<assign>
<var>${headers}</var>
</assign>
<msg timestamp="20210119 07:51:46.870" level="INFO">${headers} = {'content-type': 'application/json'}</msg>
<status status="PASS" starttime="20210119 07:51:46.870" endtime="20210119 07:51:46.870"></status>
</kw>
<kw name="Post On Session" library="RequestsLibrary">
<doc>Sends a POST request on a previously created HTTP Session.</doc>
<arguments>
<arg>fakeApi</arg>
<arg>Books</arg>
<arg>data={"id": 210,"title": "test","description": "test","pageCount": 25,"excerpt": "test","publishDate": "2021-01-19T10:29:45.149Z"}</arg>
<arg>headers=${headers}</arg>
</arguments>
<assign>
<var>${Answer}</var>
</assign>
<msg timestamp="20210119 07:51:47.988" level="INFO">POST Request : url=https://fakerestapi.azurewebsites.net/api/v1/Books 
 path_url=/api/v1/Books 
 headers={'User-Agent': 'python-requests/2.25.1', 'Accept-Encoding': 'gzip, deflate', 'Accept': '*/*', 'Connection': 'keep-alive', 'content-type': 'application/json', 'Content-Length': '125'} 
 body={"id": 210,"title": "test","description": "test","pageCount": 25,"excerpt": "test","publishDate": "2021-01-19T10:29:45.149Z"} 
 </msg>
<msg timestamp="20210119 07:51:47.988" level="INFO">POST Response : url=https://fakerestapi.azurewebsites.net/api/v1/Books 
 status=200, reason=OK 
 headers={'Transfer-Encoding': 'chunked', 'Content-Type': 'application/json; charset=utf-8; v=1.0', 'Server': 'Kestrel', 'api-supported-versions': '1.0', 'Date': 'Tue, 19 Jan 2021 10:51:50 GMT'} 
 body={"id":210,"title":"test","description":"test","pageCount":25,"excerpt":"test","publishDate":"2021-01-19T10:29:45.149Z"} 
 </msg>
<msg timestamp="20210119 07:51:47.988" level="INFO">c:\users\wictor\pycharmprojects\rpa\venv\lib\site-packages\urllib3\connectionpool.py:1013: InsecureRequestWarning: Unverified HTTPS request is being made to host 'fakerestapi.azurewebsites.net'. Adding certificate verification is strongly advised. See: https://urllib3.readthedocs.io/en/latest/advanced-usage.html#ssl-warnings
  warnings.warn(</msg>
<msg timestamp="20210119 07:51:47.989" level="INFO">${Answer} = &lt;Response [200]&gt;</msg>
<status status="PASS" starttime="20210119 07:51:46.870" endtime="20210119 07:51:47.989"></status>
</kw>
<kw name="Log" library="BuiltIn">
<doc>Logs the given message with the given level.</doc>
<arguments>
<arg>${Answer.text}</arg>
</arguments>
<msg timestamp="20210119 07:51:47.990" level="INFO">{"id":210,"title":"test","description":"test","pageCount":25,"excerpt":"test","publishDate":"2021-01-19T10:29:45.149Z"}</msg>
<status status="PASS" starttime="20210119 07:51:47.989" endtime="20210119 07:51:47.990"></status>
</kw>
<kw name="Set Test Variable" library="BuiltIn">
<doc>Makes a variable available everywhere within the scope of the current test.</doc>
<arguments>
<arg>${Answer}</arg>
</arguments>
<msg timestamp="20210119 07:51:47.990" level="INFO">${Answer} = &lt;Response [200]&gt;</msg>
<status status="PASS" starttime="20210119 07:51:47.990" endtime="20210119 07:51:47.990"></status>
</kw>
<status status="PASS" starttime="20210119 07:51:46.869" endtime="20210119 07:51:47.991"></status>
</kw>
<kw name="check status code" library="resourceAPI">
<arguments>
<arg>200</arg>
</arguments>
<kw name="Should Be Equal As Strings" library="BuiltIn">
<doc>Fails if objects are unequal after converting them to strings.</doc>
<arguments>
<arg>${Answer.status_code}</arg>
<arg>${status_code_ideal}</arg>
</arguments>
<msg timestamp="20210119 07:51:47.992" level="INFO">Argument types are:
&lt;class 'int'&gt;
&lt;type 'unicode'&gt;</msg>
<status status="PASS" starttime="20210119 07:51:47.991" endtime="20210119 07:51:47.992"></status>
</kw>
<kw name="Log" library="BuiltIn">
<doc>Logs the given message with the given level.</doc>
<arguments>
<arg>${Answer.status_code}</arg>
</arguments>
<msg timestamp="20210119 07:51:47.992" level="INFO">200</msg>
<status status="PASS" starttime="20210119 07:51:47.992" endtime="20210119 07:51:47.992"></status>
</kw>
<status status="PASS" starttime="20210119 07:51:47.991" endtime="20210119 07:51:47.993"></status>
</kw>
<kw name="check reason" library="resourceAPI">
<arguments>
<arg>OK</arg>
</arguments>
<kw name="Should Be Equal As Strings" library="BuiltIn">
<doc>Fails if objects are unequal after converting them to strings.</doc>
<arguments>
<arg>${Answer.reason}</arg>
<arg>${reason_ideal}</arg>
</arguments>
<status status="PASS" starttime="20210119 07:51:47.993" endtime="20210119 07:51:47.994"></status>
</kw>
<kw name="Log" library="BuiltIn">
<doc>Logs the given message with the given level.</doc>
<arguments>
<arg>${Answer.reason}</arg>
</arguments>
<msg timestamp="20210119 07:51:47.994" level="INFO">OK</msg>
<status status="PASS" starttime="20210119 07:51:47.994" endtime="20210119 07:51:47.994"></status>
</kw>
<status status="PASS" starttime="20210119 07:51:47.993" endtime="20210119 07:51:47.994"></status>
</kw>
<tags>
<tag>POST</tag>
</tags>
<status status="PASS" starttime="20210119 07:51:46.869" endtime="20210119 07:51:47.995" critical="yes"></status>
</test>
<doc>https://fakerestapi.azurewebsites.net/index.html
Endpoints = Books</doc>
<status status="PASS" starttime="20210119 07:51:46.666" endtime="20210119 07:51:47.997"></status>
</suite>
<statistics>
<total>
<stat pass="1" fail="0">Critical Tests</stat>
<stat pass="1" fail="0">All Tests</stat>
</total>
<tag>
<stat pass="1" fail="0">POST</stat>
</tag>
<suite>
<stat pass="1" fail="0" id="s1" name="API01">API01</stat>
</suite>
</statistics>
<errors>
</errors>
</robot>
